<?xml version="1.0" encoding="UTF-8"?>
<testsuite name="TestSuite" time="19.959" tests="7" errors="0" skipped="0" failures="0">
  <properties>
[...]
</properties>
  <testcase name="sendPost" classname="testngtestcases.SendPostRequest" time="3.461"/>
  <testcase name="sendGetRequest" classname="testngtestcases.SendPostRequest" time="5.216"/>
  <testcase name="sendPutRequest" classname="testngtestcases.SendPostRequest" time="4.516"/>
  <testcase name="sendGetRequest1" classname="testngtestcases.SendPostRequest" time="2.046"/>
  <testcase name="sendDelete" classname="testngtestcases.SendPostRequest" time="1.636"/>
  <testcase name="sendGetRequest2" classname="testngtestcases.SendPostRequest" time="1.392"/>
  <testcase name="sendGet" classname="testngtestcases.SendGetRequest" time="1.692"/>
</testsuite>