<?xml version="1.0" encoding="UTF-8"?>
<testng-results ignored="0" total="1" passed="1" failed="0" skipped="0">
  <reporter-output>
  </reporter-output>
  <suite started-at="2024-12-12T00:41:47 IST" name="Default suite" finished-at="2024-12-12T00:41:50 IST" duration-ms="2732">
    <groups>
      <group name="cucumber">
        <method signature="AbstractTestNGCucumberTests.runScenario(io.cucumber.testng.PickleWrapper,io.cucumber.testng.FeatureWrapper)[pri:0, instance:runner.TestRunner@176b75f7]" name="runScenario" class="io.cucumber.testng.AbstractTestNGCucumberTests"/>
      </group> <!-- cucumber -->
    </groups>
    <test started-at="2024-12-12T00:41:47 IST" name="Default test" finished-at="2024-12-12T00:41:50 IST" duration-ms="2732">
      <class name="runner.TestRunner">
        <test-method is-config="true" signature="setUpClass(org.testng.ITestContext)[pri:0, instance:runner.TestRunner@176b75f7]" started-at="2024-12-12T00:41:47 IST" name="setUpClass" finished-at="2024-12-12T00:41:47 IST" duration-ms="280" status="PASS">
          <params>
            <param index="0">
              <value>
                <![CDATA[org.testng.TestRunner@150f41b9]]>
              </value>
            </param>
          </params>
          <reporter-output>
          </reporter-output>
        </test-method> <!-- setUpClass -->
        <test-method signature="runScenario(io.cucumber.testng.PickleWrapper,io.cucumber.testng.FeatureWrapper)[pri:0, instance:runner.TestRunner@176b75f7]" started-at="2024-12-12T00:41:47 IST" name="runScenario" description="Runs Cucumber Scenarios" data-provider="scenarios" finished-at="2024-12-12T00:41:48 IST" duration-ms="130" status="PASS">
          <params>
            <param index="0">
              <value>
                <![CDATA["Get all the super market search details"]]>
              </value>
            </param>
            <param index="1">
              <value>
                <![CDATA["Get the data from supermarket"]]>
              </value>
            </param>
          </params>
          <reporter-output>
          </reporter-output>
        </test-method> <!-- runScenario -->
        <test-method is-config="true" signature="tearDownClass()[pri:0, instance:runner.TestRunner@176b75f7]" started-at="2024-12-12T00:41:48 IST" name="tearDownClass" finished-at="2024-12-12T00:41:50 IST" duration-ms="2304" status="PASS">
          <reporter-output>
          </reporter-output>
        </test-method> <!-- tearDownClass -->
      </class> <!-- runner.TestRunner -->
    </test> <!-- Default test -->
  </suite> <!-- Default suite -->
</testng-results>
